<?xml version="1.0" encoding="UTF-8"?>
<!-- Generated by org.testng.reporters.JUnitXMLReporter -->
<testsuite hostname="LAPTOP-14LBNTKC" ignored="0" name="Test" tests="3" failures="0" timestamp="2022-03-08T15:44:25 IST" time="0.043" errors="0">
  <testcase name="appium" time="0.011" classname="gitproject1.AutomationTest"/>
  <testcase name="restAssured" time="0.0" classname="gitproject1.AutomationTest"/>
  <testcase name="selenium" time="0.0" classname="gitproject1.AutomationTest"/>
</testsuite> <!-- Test -->
