<?xml version="1.0" encoding="UTF-8"?>
<testng-results skipped="0" failed="0" ignored="0" total="3" passed="3">
  <reporter-output>
  </reporter-output>
  <suite name="Suite" duration-ms="43" started-at="2022-03-08T15:44:25 IST" finished-at="2022-03-08T15:44:25 IST">
    <groups>
    </groups>
    <test name="Test" duration-ms="43" started-at="2022-03-08T15:44:25 IST" finished-at="2022-03-08T15:44:25 IST">
      <class name="gitproject1.AutomationTest">
        <test-method status="PASS" signature="appium()[pri:0, instance:gitproject1.AutomationTest@185d8b6]" name="appium" duration-ms="11" started-at="2022-03-08T15:44:25 IST" finished-at="2022-03-08T15:44:25 IST">
          <reporter-output>
          </reporter-output>
        </test-method> <!-- appium -->
        <test-method status="PASS" signature="selenium()[pri:0, instance:gitproject1.AutomationTest@185d8b6]" name="selenium" duration-ms="0" started-at="2022-03-08T15:44:25 IST" finished-at="2022-03-08T15:44:25 IST">
          <reporter-output>
          </reporter-output>
        </test-method> <!-- selenium -->
        <test-method status="PASS" signature="restAssured()[pri:0, instance:gitproject1.AutomationTest@185d8b6]" name="restAssured" duration-ms="0" started-at="2022-03-08T15:44:25 IST" finished-at="2022-03-08T15:44:25 IST">
          <reporter-output>
          </reporter-output>
        </test-method> <!-- restAssured -->
      </class> <!-- gitproject1.AutomationTest -->
    </test> <!-- Test -->
  </suite> <!-- Suite -->
</testng-results>
